<?xml version="1.0" encoding="UTF-8"?>
<!-- Generated by org.testng.reporters.JUnitReportReporter -->
<testsuite hostname="DESKTOP-R4J9CF0" failures="0" tests="1" name="testscripts.testscripts" time="4.413" errors="0" timestamp="22 Feb 2023 17:51:51 GMT" skipped="0">
  <testcase classname="testscripts.testscripts" name="makePayment" time="4.413"/>
</testsuite> <!-- testscripts.testscripts -->
