<?xml version="1.0" encoding="UTF-8"?>
<!-- Generated by org.testng.reporters.JUnitReportReporter -->
<testsuite hostname="DESKTOP-R4J9CF0" failures="0" tests="1" name="testscripts.TakeAllPhonesAndAddItToTheExcel" time="6.147" errors="0" timestamp="23 Feb 2023 17:23:21 GMT" skipped="0">
  <testcase classname="testscripts.TakeAllPhonesAndAddItToTheExcel" name="addToExcel" time="6.147"/>
</testsuite> <!-- testscripts.TakeAllPhonesAndAddItToTheExcel -->
